{"name": "test", "status": "broken", "statusDetails": {"message": "selenium.common.exceptions.NoSuchElementException: Message: 找不到元素，请检查语法或元素", "trace": "@pytest.fixture()\n    def login():\n        \"\"\"登录智慧工厂\"\"\"\n        driver=browser('chrome')\n        el=d['loging'][0]\n        driver.wait(20)\n        driver.open(url)\n        driver.max_window()\n        driver.send_value(el['user'],pt_user)\n        driver.send_value(el['password'],pt_password)\n        code=driver.get_text(el['get_code'])\n        driver.send_value(el['code'],code)\n        driver.get_screen_shot(image_path+picture_time+\"登录.png\")\n        driver.click(el['login'])\n        with open(image_path+picture_time+'登录.png' , mode='rb') as f:\n            file = f.read()\n            allure.attach(file, '登录')\n>       user=driver.get_text(el['username'])\n\nconftest.py:25: \n_ _ _ _ _ _ _ _ _ _ _ _ _ _ _ _ _ _ _ _ _ _ _ _ _ _ _ _ _ _ _ _ _ _ _ _ _ _ _ _ \n../utils/ui.py:254: in get_text\n    el = self.get_element(css)\n../utils/ui.py:82: in get_element\n    self.element_wait(by, value)\n_ _ _ _ _ _ _ _ _ _ _ _ _ _ _ _ _ _ _ _ _ _ _ _ _ _ _ _ _ _ _ _ _ _ _ _ _ _ _ _ \n\nself = <utils.ui.browser object at 0x10aa6e6d0>, by = '/xpath'\nvalue = \"//*[@id='app']div[1]/div[1]/div/div/div[3]/div[1]/div/span\", secs = 5\n\n    def element_wait(self, by, value, secs=5):\n        \"\"\"\n        等待元素显示\n        \"\"\"\n        try:\n            if by == \"id\":\n                WebDriverWait(self.driver, secs, 1).until(EC.presence_of_element_located((By.ID, value)))\n            elif by == \"name\":\n                WebDriverWait(self.driver, secs, 1).until(EC.presence_of_element_located((By.NAME, value)))\n            elif by == \"class\":\n                WebDriverWait(self.driver, secs, 1).until(EC.presence_of_element_located((By.CLASS_NAME, value)))\n            elif by == \"link_text\":\n                WebDriverWait(self.driver, secs, 1).until(EC.presence_of_element_located((By.LINK_TEXT, value)))\n            elif by == \"xpath\":\n                WebDriverWait(self.driver, secs, 1).until(EC.presence_of_element_located((By.XPATH, value)))\n            elif by == \"css\":\n                WebDriverWait(self.driver, secs, 1).until(EC.presence_of_element_located((By.CSS_SELECTOR, value)))\n            else:\n                raise NoSuchElementException(\n>                   \"找不到元素，请检查语法或元素\")\nE                   selenium.common.exceptions.NoSuchElementException: Message: 找不到元素，请检查语法或元素\n\n../utils/ui.py:62: NoSuchElementException"}, "description": "创建点检计划", "start": 1595073394924, "stop": 1595073394924, "uuid": "45946df0-d1f9-4e88-8c1c-5e0299cd7eb2", "historyId": "30cc95016862367b5f733074708a0145", "testCaseId": "76122e23133a3f54ef9292d6be9d6e71", "fullName": "test#test", "labels": [{"name": "feature", "value": "点检"}, {"name": "suite", "value": "test"}, {"name": "host", "value": "wangziqingdeMacBook-Pro.local"}, {"name": "thread", "value": "5827-MainThread"}, {"name": "framework", "value": "pytest"}, {"name": "language", "value": "cpython3"}, {"name": "package", "value": "test"}]}